# JRE version: OpenJDK Runtime Environment Homebrew (11.0.25) (build 11.0.25+0)
# Java VM: OpenJDK 64-Bit Server VM Homebrew (11.0.25+0, mixed mode, tiered, compressed oops, g1 gc, bsd-aarch64)
Heap:
 garbage-first heap   total 131072K, used 93289K [0x0000000780000000, 0x00000007c0000000)
  region size 1024K, 38 young (38912K), 7 survivors (7168K)
 Metaspace       used 115863K, capacity 121544K, committed 121616K, reserved 1153024K
  class space    used 16102K, capacity 18944K, committed 18944K, reserved 1048576K
GC Heap History (20 events):
Event: 1.021 GC heap before
{Heap before GC invocations=5 (full 0):
 garbage-first heap   total 131072K, used 59233K [0x0000000780000000, 0x00000007c0000000)
  region size 1024K, 34 young (34816K), 2 survivors (2048K)
 Metaspace       used 34825K, capacity 35792K, committed 35920K, reserved 1081344K
  class space    used 4306K, capacity 4813K, committed 4864K, reserved 1048576K
}
Event: 1.022 GC heap after
{Heap after GC invocations=6 (full 0):
 garbage-first heap   total 131072K, used 28494K [0x0000000780000000, 0x00000007c0000000)
  region size 1024K, 3 young (3072K), 3 survivors (3072K)
 Metaspace       used 34825K, capacity 35792K, committed 35920K, reserved 1081344K
  class space    used 4306K, capacity 4813K, committed 4864K, reserved 1048576K
}
Event: 1.208 GC heap before
{Heap before GC invocations=7 (full 0):
 garbage-first heap   total 131072K, used 82766K [0x0000000780000000, 0x00000007c0000000)
  region size 1024K, 56 young (57344K), 3 survivors (3072K)
 Metaspace       used 43223K, capacity 44474K, committed 44752K, reserved 1087488K
  class space    used 5355K, capacity 5962K, committed 6016K, reserved 1048576K
}
Event: 1.210 GC heap after
{Heap after GC invocations=8 (full 0):
 garbage-first heap   total 131072K, used 30757K [0x0000000780000000, 0x00000007c0000000)
  region size 1024K, 6 young (6144K), 6 survivors (6144K)
 Metaspace       used 43223K, capacity 44474K, committed 44752K, reserved 1087488K
  class space    used 5355K, capacity 5962K, committed 6016K, reserved 1048576K
}
Event: 1.379 GC heap before
{Heap before GC invocations=8 (full 0):
 garbage-first heap   total 131072K, used 85029K [0x0000000780000000, 0x00000007c0000000)
  region size 1024K, 60 young (61440K), 6 survivors (6144K)
 Metaspace       used 50258K, capacity 51799K, committed 52048K, reserved 1093632K
  class space    used 6309K, capacity 7104K, committed 7168K, reserved 1048576K
}
Event: 1.381 GC heap after
{Heap after GC invocations=9 (full 0):
 garbage-first heap   total 131072K, used 33298K [0x0000000780000000, 0x00000007c0000000)
  region size 1024K, 6 young (6144K), 6 survivors (6144K)
 Metaspace       used 50258K, capacity 51799K, committed 52048K, reserved 1093632K
  class space    used 6309K, capacity 7104K, committed 7168K, reserved 1048576K
}
Event: 1.590 GC heap before
{Heap before GC invocations=9 (full 0):
 garbage-first heap   total 131072K, used 82450K [0x0000000780000000, 0x00000007c0000000)
  region size 1024K, 55 young (56320K), 6 survivors (6144K)
 Metaspace       used 58492K, capacity 60223K, committed 60304K, reserved 1101824K
  class space    used 7279K, capacity 8209K, committed 8256K, reserved 1048576K
}
Event: 1.593 GC heap after
{Heap after GC invocations=10 (full 0):
 garbage-first heap   total 131072K, used 35655K [0x0000000780000000, 0x00000007c0000000)
  region size 1024K, 5 young (5120K), 5 survivors (5120K)
 Metaspace       used 58492K, capacity 60223K, committed 60304K, reserved 1101824K
  class space    used 7279K, capacity 8209K, committed 8256K, reserved 1048576K
}
Event: 1.873 GC heap before
{Heap before GC invocations=11 (full 0):
 garbage-first heap   total 131072K, used 92999K [0x0000000780000000, 0x00000007c0000000)
  region size 1024K, 61 young (62464K), 5 survivors (5120K)
 Metaspace       used 70061K, capacity 72194K, committed 72336K, reserved 1112064K
  class space    used 8877K, capacity 9996K, committed 10048K, reserved 1048576K
}
Event: 1.876 GC heap after
{Heap after GC invocations=12 (full 0):
 garbage-first heap   total 131072K, used 38552K [0x0000000780000000, 0x00000007c0000000)
  region size 1024K, 6 young (6144K), 6 survivors (6144K)
 Metaspace       used 70061K, capacity 72194K, committed 72336K, reserved 1112064K
  class space    used 8877K, capacity 9996K, committed 10048K, reserved 1048576K
}
Event: 2.110 GC heap before
{Heap before GC invocations=12 (full 0):
 garbage-first heap   total 131072K, used 94872K [0x0000000780000000, 0x00000007c0000000)
  region size 1024K, 62 young (63488K), 6 survivors (6144K)
 Metaspace       used 81373K, capacity 83871K, committed 83984K, reserved 1122304K
  class space    used 10392K, capacity 11704K, committed 11712K, reserved 1048576K
}
Event: 2.112 GC heap after
{Heap after GC invocations=13 (full 0):
 garbage-first heap   total 131072K, used 41014K [0x0000000780000000, 0x00000007c0000000)
  region size 1024K, 6 young (6144K), 6 survivors (6144K)
 Metaspace       used 81373K, capacity 83871K, committed 83984K, reserved 1122304K
  class space    used 10392K, capacity 11704K, committed 11712K, reserved 1048576K
}
Event: 2.319 GC heap before
{Heap before GC invocations=13 (full 0):
 garbage-first heap   total 131072K, used 98358K [0x0000000780000000, 0x00000007c0000000)
  region size 1024K, 62 young (63488K), 6 survivors (6144K)
 Metaspace       used 88823K, capacity 91550K, committed 91664K, reserved 1128448K
  class space    used 11506K, capacity 12924K, committed 12992K, reserved 1048576K
}
Event: 2.322 GC heap after
{Heap after GC invocations=14 (full 0):
 garbage-first heap   total 131072K, used 43627K [0x0000000780000000, 0x00000007c0000000)
  region size 1024K, 6 young (6144K), 6 survivors (6144K)
 Metaspace       used 88823K, capacity 91550K, committed 91664K, reserved 1128448K
  class space    used 11506K, capacity 12924K, committed 12992K, reserved 1048576K
}
Event: 2.571 GC heap before
{Heap before GC invocations=14 (full 0):
 garbage-first heap   total 131072K, used 93803K [0x0000000780000000, 0x00000007c0000000)
  region size 1024K, 56 young (57344K), 6 survivors (6144K)
 Metaspace       used 97491K, capacity 100849K, committed 100944K, reserved 1136640K
  class space    used 12854K, capacity 14610K, committed 14656K, reserved 1048576K
}
Event: 2.575 GC heap after
{Heap after GC invocations=15 (full 0):
 garbage-first heap   total 131072K, used 45889K [0x0000000780000000, 0x00000007c0000000)
  region size 1024K, 5 young (5120K), 5 survivors (5120K)
 Metaspace       used 97491K, capacity 100849K, committed 100944K, reserved 1136640K
  class space    used 12854K, capacity 14610K, committed 14656K, reserved 1048576K
}
Event: 2.818 GC heap before
{Heap before GC invocations=16 (full 0):
 garbage-first heap   total 131072K, used 102209K [0x0000000780000000, 0x00000007c0000000)
  region size 1024K, 61 young (62464K), 5 survivors (5120K)
 Metaspace       used 105687K, capacity 109738K, committed 109840K, reserved 1142784K
  class space    used 14255K, capacity 16374K, committed 16384K, reserved 1048576K
}
Event: 2.821 GC heap after
{Heap after GC invocations=17 (full 0):
 garbage-first heap   total 131072K, used 47335K [0x0000000780000000, 0x00000007c0000000)
  region size 1024K, 4 young (4096K), 4 survivors (4096K)
 Metaspace       used 105687K, capacity 109738K, committed 109840K, reserved 1142784K
  class space    used 14255K, capacity 16374K, committed 16384K, reserved 1048576K
}
Event: 3.292 GC heap before
{Heap before GC invocations=17 (full 0):
 garbage-first heap   total 131072K, used 117991K [0x0000000780000000, 0x00000007c0000000)
  region size 1024K, 60 young (61440K), 4 survivors (4096K)
 Metaspace       used 113644K, capacity 118813K, committed 119056K, reserved 1150976K
  class space    used 15694K, capacity 18344K, committed 18432K, reserved 1048576K
}
Event: 3.295 GC heap after
{Heap after GC invocations=18 (full 0):
 garbage-first heap   total 131072K, used 50281K [0x0000000780000000, 0x00000007c0000000)
  region size 1024K, 7 young (7168K), 7 survivors (7168K)
 Metaspace       used 113644K, capacity 118813K, committed 119056K, reserved 1150976K
  class space    used 15694K, capacity 18344K, committed 18432K, reserved 1048576K
}

