# JRE version: OpenJDK Runtime Environment Homebrew (11.0.25) (build 11.0.25+0)
# Java VM: OpenJDK 64-Bit Server VM Homebrew (11.0.25+0, mixed mode, tiered, compressed oops, g1 gc, bsd-aarch64)
Heap:
 garbage-first heap   total 190464K, used 76371K [0x0000000780000000, 0x00000007c0000000)
  region size 1024K, 17 young (17408K), 4 survivors (4096K)
 Metaspace       used 122396K, capacity 129110K, committed 129296K, reserved 1159168K
  class space    used 17321K, capacity 20705K, committed 20736K, reserved 1048576K
GC Heap History (20 events):
Event: 3.718 GC heap before
{Heap before GC invocations=40 (full 0):
 garbage-first heap   total 158720K, used 134503K [0x0000000780000000, 0x00000007c0000000)
  region size 1024K, 51 young (52224K), 1 survivors (1024K)
 Metaspace       used 116249K, capacity 121851K, committed 122256K, reserved 1153024K
  class space    used 16139K, capacity 18964K, committed 19072K, reserved 1048576K
}
Event: 3.720 GC heap after
{Heap after GC invocations=41 (full 0):
 garbage-first heap   total 158720K, used 83304K [0x0000000780000000, 0x00000007c0000000)
  region size 1024K, 1 young (1024K), 1 survivors (1024K)
 Metaspace       used 116249K, capacity 121851K, committed 122256K, reserved 1153024K
  class space    used 16139K, capacity 18964K, committed 19072K, reserved 1048576K
}
Event: 3.757 GC heap before
{Heap before GC invocations=41 (full 0):
 garbage-first heap   total 158720K, used 134504K [0x0000000780000000, 0x00000007c0000000)
  region size 1024K, 51 young (52224K), 1 survivors (1024K)
 Metaspace       used 116254K, capacity 121852K, committed 122256K, reserved 1153024K
  class space    used 16139K, capacity 18964K, committed 19072K, reserved 1048576K
}
Event: 3.757 GC heap after
{Heap after GC invocations=42 (full 0):
 garbage-first heap   total 158720K, used 83310K [0x0000000780000000, 0x00000007c0000000)
  region size 1024K, 1 young (1024K), 1 survivors (1024K)
 Metaspace       used 116254K, capacity 121852K, committed 122256K, reserved 1153024K
  class space    used 16139K, capacity 18964K, committed 19072K, reserved 1048576K
}
Event: 3.799 GC heap before
{Heap before GC invocations=43 (full 0):
 garbage-first heap   total 158720K, used 135534K [0x0000000780000000, 0x00000007c0000000)
  region size 1024K, 52 young (53248K), 1 survivors (1024K)
 Metaspace       used 116275K, capacity 121928K, committed 122256K, reserved 1153024K
  class space    used 16143K, capacity 18970K, committed 19072K, reserved 1048576K
}
Event: 3.799 GC heap after
{Heap after GC invocations=44 (full 0):
 garbage-first heap   total 158720K, used 83314K [0x0000000780000000, 0x00000007c0000000)
  region size 1024K, 1 young (1024K), 1 survivors (1024K)
 Metaspace       used 116275K, capacity 121928K, committed 122256K, reserved 1153024K
  class space    used 16143K, capacity 18970K, committed 19072K, reserved 1048576K
}
Event: 3.826 GC heap before
{Heap before GC invocations=44 (full 0):
 garbage-first heap   total 158720K, used 136562K [0x0000000780000000, 0x00000007c0000000)
  region size 1024K, 53 young (54272K), 1 survivors (1024K)
 Metaspace       used 116276K, capacity 121928K, committed 122256K, reserved 1153024K
  class space    used 16143K, capacity 18970K, committed 19072K, reserved 1048576K
}
Event: 3.827 GC heap after
{Heap after GC invocations=45 (full 0):
 garbage-first heap   total 190464K, used 83326K [0x0000000780000000, 0x00000007c0000000)
  region size 1024K, 1 young (1024K), 1 survivors (1024K)
 Metaspace       used 116276K, capacity 121928K, committed 122256K, reserved 1153024K
  class space    used 16143K, capacity 18970K, committed 19072K, reserved 1048576K
}
Event: 3.886 GC heap before
{Heap before GC invocations=46 (full 0):
 garbage-first heap   total 190464K, used 158078K [0x0000000780000000, 0x00000007c0000000)
  region size 1024K, 77 young (78848K), 1 survivors (1024K)
 Metaspace       used 116250K, capacity 121889K, committed 122256K, reserved 1153024K
  class space    used 16134K, capacity 18955K, committed 19072K, reserved 1048576K
}
Event: 3.887 GC heap after
{Heap after GC invocations=47 (full 0):
 garbage-first heap   total 190464K, used 80250K [0x0000000780000000, 0x00000007c0000000)
  region size 1024K, 1 young (1024K), 1 survivors (1024K)
 Metaspace       used 116250K, capacity 121889K, committed 122256K, reserved 1153024K
  class space    used 16134K, capacity 18955K, committed 19072K, reserved 1048576K
}
Event: 3.928 GC heap before
{Heap before GC invocations=47 (full 0):
 garbage-first heap   total 190464K, used 163194K [0x0000000780000000, 0x00000007c0000000)
  region size 1024K, 82 young (83968K), 1 survivors (1024K)
 Metaspace       used 116252K, capacity 121889K, committed 122256K, reserved 1153024K
  class space    used 16134K, capacity 18955K, committed 19072K, reserved 1048576K
}
Event: 3.929 GC heap after
{Heap after GC invocations=48 (full 0):
 garbage-first heap   total 190464K, used 80250K [0x0000000780000000, 0x00000007c0000000)
  region size 1024K, 1 young (1024K), 1 survivors (1024K)
 Metaspace       used 116252K, capacity 121889K, committed 122256K, reserved 1153024K
  class space    used 16134K, capacity 18955K, committed 19072K, reserved 1048576K
}
Event: 4.004 GC heap before
{Heap before GC invocations=48 (full 0):
 garbage-first heap   total 190464K, used 156026K [0x0000000780000000, 0x00000007c0000000)
  region size 1024K, 72 young (73728K), 1 survivors (1024K)
 Metaspace       used 116269K, capacity 121889K, committed 122256K, reserved 1153024K
  class space    used 16134K, capacity 18955K, committed 19072K, reserved 1048576K
}
Event: 4.005 GC heap after
{Heap after GC invocations=49 (full 0):
 garbage-first heap   total 190464K, used 80274K [0x0000000780000000, 0x00000007c0000000)
  region size 1024K, 1 young (1024K), 1 survivors (1024K)
 Metaspace       used 116269K, capacity 121889K, committed 122256K, reserved 1153024K
  class space    used 16134K, capacity 18955K, committed 19072K, reserved 1048576K
}
Event: 4.087 GC heap before
{Heap before GC invocations=50 (full 0):
 garbage-first heap   total 190464K, used 162194K [0x0000000780000000, 0x00000007c0000000)
  region size 1024K, 84 young (86016K), 1 survivors (1024K)
 Metaspace       used 116291K, capacity 121894K, committed 122256K, reserved 1153024K
  class space    used 16134K, capacity 18956K, committed 19072K, reserved 1048576K
}
Event: 4.087 GC heap after
{Heap after GC invocations=51 (full 0):
 garbage-first heap   total 190464K, used 71068K [0x0000000780000000, 0x00000007c0000000)
  region size 1024K, 1 young (1024K), 1 survivors (1024K)
 Metaspace       used 116291K, capacity 121894K, committed 122256K, reserved 1153024K
  class space    used 16134K, capacity 18956K, committed 19072K, reserved 1048576K
}
Event: 4.182 GC heap before
{Heap before GC invocations=51 (full 0):
 garbage-first heap   total 190464K, used 123292K [0x0000000780000000, 0x00000007c0000000)
  region size 1024K, 40 young (40960K), 1 survivors (1024K)
 Metaspace       used 117437K, capacity 123253K, committed 123280K, reserved 1153024K
  class space    used 16366K, capacity 19311K, committed 19328K, reserved 1048576K
}
Event: 4.184 GC heap after
{Heap after GC invocations=52 (full 0):
 garbage-first heap   total 190464K, used 72489K [0x0000000780000000, 0x00000007c0000000)
  region size 1024K, 2 young (2048K), 2 survivors (2048K)
 Metaspace       used 117437K, capacity 123253K, committed 123280K, reserved 1153024K
  class space    used 16366K, capacity 19311K, committed 19328K, reserved 1048576K
}
Event: 4.431 GC heap before
{Heap before GC invocations=53 (full 0):
 garbage-first heap   total 190464K, used 146217K [0x0000000780000000, 0x00000007c0000000)
  region size 1024K, 61 young (62464K), 2 survivors (2048K)
 Metaspace       used 122072K, capacity 128680K, committed 128912K, reserved 1157120K
  class space    used 17235K, capacity 20566K, committed 20608K, reserved 1048576K
}
Event: 4.434 GC heap after
{Heap after GC invocations=54 (full 0):
 garbage-first heap   total 190464K, used 58963K [0x0000000780000000, 0x00000007c0000000)
  region size 1024K, 4 young (4096K), 4 survivors (4096K)
 Metaspace       used 122072K, capacity 128680K, committed 128912K, reserved 1157120K
  class space    used 17235K, capacity 20566K, committed 20608K, reserved 1048576K
}

